Mon, 24 Jun 2024 07:46:48 GMT morgan deprecated undefined format: specify a format at routes.ts:24:17
Mon, 24 Jun 2024 07:46:48 GMT morgan deprecated default format: use combined format at routes.ts:24:17
/Users/abdussametkaradeniz/Documents/workspace/nutritionistModule/nutritionistapi/src/database/multilanguageDbManager.ts:14
      throw new BusinessException("mlCode unique değil");
            ^
BusinessException: mlCode unique değil
    at MultilanguageDbManager.<anonymous> (/Users/abdussametkaradeniz/Documents/workspace/nutritionistModule/nutritionistapi/src/database/multilanguageDbManager.ts:14:13)
    at Generator.next (<anonymous>)
    at fulfilled (/Users/abdussametkaradeniz/Documents/workspace/nutritionistModule/nutritionistapi/src/database/multilanguageDbManager.ts:5:58) {
  status: 200
}
/Users/abdussametkaradeniz/Documents/workspace/nutritionistModule/nutritionistapi/src/database/multilanguageDbManager.ts:14
      throw new BusinessException("mlCode unique değil");
            ^
BusinessException: mlCode unique değil
    at MultilanguageDbManager.<anonymous> (/Users/abdussametkaradeniz/Documents/workspace/nutritionistModule/nutritionistapi/src/database/multilanguageDbManager.ts:14:13)
    at Generator.next (<anonymous>)
    at fulfilled (/Users/abdussametkaradeniz/Documents/workspace/nutritionistModule/nutritionistapi/src/database/multilanguageDbManager.ts:5:58) {
  status: 200
}
/Users/abdussametkaradeniz/Documents/workspace/nutritionistModule/nutritionistapi/src/database/multilanguageDbManager.ts:14
        throw new BusinessException("ml code must be unique");
              ^
BusinessException: ml code must be unique
    at MultilanguageDbManager.<anonymous> (/Users/abdussametkaradeniz/Documents/workspace/nutritionistModule/nutritionistapi/src/database/multilanguageDbManager.ts:14:15)
    at Generator.next (<anonymous>)
    at fulfilled (/Users/abdussametkaradeniz/Documents/workspace/nutritionistModule/nutritionistapi/src/database/multilanguageDbManager.ts:5:58) {
  status: 200
}
/Users/abdussametkaradeniz/Documents/workspace/nutritionistModule/nutritionistapi/src/database/multilanguageDbManager.ts:14
        throw new BusinessException("ml code must be unique");
              ^
BusinessException: ml code must be unique
    at MultilanguageDbManager.<anonymous> (/Users/abdussametkaradeniz/Documents/workspace/nutritionistModule/nutritionistapi/src/database/multilanguageDbManager.ts:14:15)
    at Generator.next (<anonymous>)
    at fulfilled (/Users/abdussametkaradeniz/Documents/workspace/nutritionistModule/nutritionistapi/src/database/multilanguageDbManager.ts:5:58) {
  status: 200
}
/Users/abdussametkaradeniz/Documents/workspace/nutritionistModule/nutritionistapi/src/database/multilanguageDbManager.ts:14
        throw new BusinessException("ml code must be unique");
              ^
BusinessException: ml code must be unique
    at MultilanguageDbManager.<anonymous> (/Users/abdussametkaradeniz/Documents/workspace/nutritionistModule/nutritionistapi/src/database/multilanguageDbManager.ts:14:15)
    at Generator.next (<anonymous>)
    at fulfilled (/Users/abdussametkaradeniz/Documents/workspace/nutritionistModule/nutritionistapi/src/database/multilanguageDbManager.ts:5:58) {
  status: 200
}
/Users/abdussametkaradeniz/Documents/workspace/nutritionistModule/nutritionistapi/src/bussiness/multilanguage/multilanguageManager.ts:19
      throw new BusinessException("unexpected error ${error}")
            ^
BusinessException: unexpected error ${error}
    at MultilanguageManager.<anonymous> (/Users/abdussametkaradeniz/Documents/workspace/nutritionistModule/nutritionistapi/src/bussiness/multilanguage/multilanguageManager.ts:19:13)
    at Generator.throw (<anonymous>)
    at rejected (/Users/abdussametkaradeniz/Documents/workspace/nutritionistModule/nutritionistapi/src/bussiness/multilanguage/multilanguageManager.ts:6:65) {
  status: 200
}
/Users/abdussametkaradeniz/Documents/workspace/nutritionistModule/nutritionistapi/node_modules/ts-node/src/index.ts:859
    return new TSError(diagnosticText, diagnosticCodes, diagnostics);
           ^
TSError: ⨯ Unable to compile TypeScript:
src/bussiness/role-process/roleManager.ts(13,24): error TS2554: Expected 2 arguments, but got 1.

    at createTSError (/Users/abdussametkaradeniz/Documents/workspace/nutritionistModule/nutritionistapi/node_modules/ts-node/src/index.ts:859:12)
    at reportTSError (/Users/abdussametkaradeniz/Documents/workspace/nutritionistModule/nutritionistapi/node_modules/ts-node/src/index.ts:863:19)
    at getOutput (/Users/abdussametkaradeniz/Documents/workspace/nutritionistModule/nutritionistapi/node_modules/ts-node/src/index.ts:1077:36)
    at Object.compile (/Users/abdussametkaradeniz/Documents/workspace/nutritionistModule/nutritionistapi/node_modules/ts-node/src/index.ts:1433:41)
    at Module.m._compile (/Users/abdussametkaradeniz/Documents/workspace/nutritionistModule/nutritionistapi/node_modules/ts-node/src/index.ts:1617:30)
    at Module._extensions..js (node:internal/modules/cjs/loader:1427:10)
    at Object.require.extensions.<computed> [as .ts] (/Users/abdussametkaradeniz/Documents/workspace/nutritionistModule/nutritionistapi/node_modules/ts-node/src/index.ts:1621:12)
    at Module.load (node:internal/modules/cjs/loader:1206:32)
    at Function.Module._load (node:internal/modules/cjs/loader:1022:12)
    at Module.require (node:internal/modules/cjs/loader:1231:19) {
  diagnosticCodes: [ 2554 ]
}
/Users/abdussametkaradeniz/Documents/workspace/nutritionistModule/nutritionistapi/node_modules/ts-node/src/index.ts:859
    return new TSError(diagnosticText, diagnosticCodes, diagnostics);
           ^
TSError: ⨯ Unable to compile TypeScript:
src/bussiness/role-process/roleManager.ts(13,24): error TS2554: Expected 2 arguments, but got 1.

    at createTSError (/Users/abdussametkaradeniz/Documents/workspace/nutritionistModule/nutritionistapi/node_modules/ts-node/src/index.ts:859:12)
    at reportTSError (/Users/abdussametkaradeniz/Documents/workspace/nutritionistModule/nutritionistapi/node_modules/ts-node/src/index.ts:863:19)
    at getOutput (/Users/abdussametkaradeniz/Documents/workspace/nutritionistModule/nutritionistapi/node_modules/ts-node/src/index.ts:1077:36)
    at Object.compile (/Users/abdussametkaradeniz/Documents/workspace/nutritionistModule/nutritionistapi/node_modules/ts-node/src/index.ts:1433:41)
    at Module.m._compile (/Users/abdussametkaradeniz/Documents/workspace/nutritionistModule/nutritionistapi/node_modules/ts-node/src/index.ts:1617:30)
    at Module._extensions..js (node:internal/modules/cjs/loader:1427:10)
    at Object.require.extensions.<computed> [as .ts] (/Users/abdussametkaradeniz/Documents/workspace/nutritionistModule/nutritionistapi/node_modules/ts-node/src/index.ts:1621:12)
    at Module.load (node:internal/modules/cjs/loader:1206:32)
    at Function.Module._load (node:internal/modules/cjs/loader:1022:12)
    at Module.require (node:internal/modules/cjs/loader:1231:19) {
  diagnosticCodes: [ 2554 ]
}
/Users/abdussametkaradeniz/Documents/workspace/nutritionistModule/nutritionistapi/node_modules/ts-node/src/index.ts:859
    return new TSError(diagnosticText, diagnosticCodes, diagnostics);
           ^
TSError: ⨯ Unable to compile TypeScript:
src/bussiness/role-process/roleManager.ts(13,24): error TS2554: Expected 2 arguments, but got 1.

    at createTSError (/Users/abdussametkaradeniz/Documents/workspace/nutritionistModule/nutritionistapi/node_modules/ts-node/src/index.ts:859:12)
    at reportTSError (/Users/abdussametkaradeniz/Documents/workspace/nutritionistModule/nutritionistapi/node_modules/ts-node/src/index.ts:863:19)
    at getOutput (/Users/abdussametkaradeniz/Documents/workspace/nutritionistModule/nutritionistapi/node_modules/ts-node/src/index.ts:1077:36)
    at Object.compile (/Users/abdussametkaradeniz/Documents/workspace/nutritionistModule/nutritionistapi/node_modules/ts-node/src/index.ts:1433:41)
    at Module.m._compile (/Users/abdussametkaradeniz/Documents/workspace/nutritionistModule/nutritionistapi/node_modules/ts-node/src/index.ts:1617:30)
    at Module._extensions..js (node:internal/modules/cjs/loader:1427:10)
    at Object.require.extensions.<computed> [as .ts] (/Users/abdussametkaradeniz/Documents/workspace/nutritionistModule/nutritionistapi/node_modules/ts-node/src/index.ts:1621:12)
    at Module.load (node:internal/modules/cjs/loader:1206:32)
    at Function.Module._load (node:internal/modules/cjs/loader:1022:12)
    at Module.require (node:internal/modules/cjs/loader:1231:19) {
  diagnosticCodes: [ 2554 ]
}
/Users/abdussametkaradeniz/Documents/workspace/nutritionistModule/nutritionistapi/node_modules/ts-node/src/index.ts:859
    return new TSError(diagnosticText, diagnosticCodes, diagnostics);
           ^
TSError: ⨯ Unable to compile TypeScript:
src/bussiness/role-process/roleManager.ts(13,24): error TS2554: Expected 2 arguments, but got 1.

    at createTSError (/Users/abdussametkaradeniz/Documents/workspace/nutritionistModule/nutritionistapi/node_modules/ts-node/src/index.ts:859:12)
    at reportTSError (/Users/abdussametkaradeniz/Documents/workspace/nutritionistModule/nutritionistapi/node_modules/ts-node/src/index.ts:863:19)
    at getOutput (/Users/abdussametkaradeniz/Documents/workspace/nutritionistModule/nutritionistapi/node_modules/ts-node/src/index.ts:1077:36)
    at Object.compile (/Users/abdussametkaradeniz/Documents/workspace/nutritionistModule/nutritionistapi/node_modules/ts-node/src/index.ts:1433:41)
    at Module.m._compile (/Users/abdussametkaradeniz/Documents/workspace/nutritionistModule/nutritionistapi/node_modules/ts-node/src/index.ts:1617:30)
    at Module._extensions..js (node:internal/modules/cjs/loader:1427:10)
    at Object.require.extensions.<computed> [as .ts] (/Users/abdussametkaradeniz/Documents/workspace/nutritionistModule/nutritionistapi/node_modules/ts-node/src/index.ts:1621:12)
    at Module.load (node:internal/modules/cjs/loader:1206:32)
    at Function.Module._load (node:internal/modules/cjs/loader:1022:12)
    at Module.require (node:internal/modules/cjs/loader:1231:19) {
  diagnosticCodes: [ 2554 ]
}
/Users/abdussametkaradeniz/Documents/workspace/nutritionistModule/nutritionistapi/node_modules/ts-node/src/index.ts:859
    return new TSError(diagnosticText, diagnosticCodes, diagnostics);
           ^
TSError: ⨯ Unable to compile TypeScript:
src/bussiness/role-process/roleManager.ts(13,24): error TS2554: Expected 2 arguments, but got 1.

    at createTSError (/Users/abdussametkaradeniz/Documents/workspace/nutritionistModule/nutritionistapi/node_modules/ts-node/src/index.ts:859:12)
    at reportTSError (/Users/abdussametkaradeniz/Documents/workspace/nutritionistModule/nutritionistapi/node_modules/ts-node/src/index.ts:863:19)
    at getOutput (/Users/abdussametkaradeniz/Documents/workspace/nutritionistModule/nutritionistapi/node_modules/ts-node/src/index.ts:1077:36)
    at Object.compile (/Users/abdussametkaradeniz/Documents/workspace/nutritionistModule/nutritionistapi/node_modules/ts-node/src/index.ts:1433:41)
    at Module.m._compile (/Users/abdussametkaradeniz/Documents/workspace/nutritionistModule/nutritionistapi/node_modules/ts-node/src/index.ts:1617:30)
    at Module._extensions..js (node:internal/modules/cjs/loader:1427:10)
    at Object.require.extensions.<computed> [as .ts] (/Users/abdussametkaradeniz/Documents/workspace/nutritionistModule/nutritionistapi/node_modules/ts-node/src/index.ts:1621:12)
    at Module.load (node:internal/modules/cjs/loader:1206:32)
    at Function.Module._load (node:internal/modules/cjs/loader:1022:12)
    at Module.require (node:internal/modules/cjs/loader:1231:19) {
  diagnosticCodes: [ 2554 ]
}
/Users/abdussametkaradeniz/Documents/workspace/nutritionistModule/nutritionistapi/node_modules/ts-node/src/index.ts:859
    return new TSError(diagnosticText, diagnosticCodes, diagnostics);
           ^
TSError: ⨯ Unable to compile TypeScript:
src/bussiness/role-process/roleManager.ts(13,24): error TS2554: Expected 2 arguments, but got 1.

    at createTSError (/Users/abdussametkaradeniz/Documents/workspace/nutritionistModule/nutritionistapi/node_modules/ts-node/src/index.ts:859:12)
    at reportTSError (/Users/abdussametkaradeniz/Documents/workspace/nutritionistModule/nutritionistapi/node_modules/ts-node/src/index.ts:863:19)
    at getOutput (/Users/abdussametkaradeniz/Documents/workspace/nutritionistModule/nutritionistapi/node_modules/ts-node/src/index.ts:1077:36)
    at Object.compile (/Users/abdussametkaradeniz/Documents/workspace/nutritionistModule/nutritionistapi/node_modules/ts-node/src/index.ts:1433:41)
    at Module.m._compile (/Users/abdussametkaradeniz/Documents/workspace/nutritionistModule/nutritionistapi/node_modules/ts-node/src/index.ts:1617:30)
    at Module._extensions..js (node:internal/modules/cjs/loader:1427:10)
    at Object.require.extensions.<computed> [as .ts] (/Users/abdussametkaradeniz/Documents/workspace/nutritionistModule/nutritionistapi/node_modules/ts-node/src/index.ts:1621:12)
    at Module.load (node:internal/modules/cjs/loader:1206:32)
    at Function.Module._load (node:internal/modules/cjs/loader:1022:12)
    at Module.require (node:internal/modules/cjs/loader:1231:19) {
  diagnosticCodes: [ 2554 ]
}
/Users/abdussametkaradeniz/Documents/workspace/nutritionistModule/nutritionistapi/node_modules/ts-node/src/index.ts:859
    return new TSError(diagnosticText, diagnosticCodes, diagnostics);
           ^
TSError: ⨯ Unable to compile TypeScript:
src/bussiness/role-process/roleManager.ts(13,24): error TS2554: Expected 2 arguments, but got 1.

    at createTSError (/Users/abdussametkaradeniz/Documents/workspace/nutritionistModule/nutritionistapi/node_modules/ts-node/src/index.ts:859:12)
    at reportTSError (/Users/abdussametkaradeniz/Documents/workspace/nutritionistModule/nutritionistapi/node_modules/ts-node/src/index.ts:863:19)
    at getOutput (/Users/abdussametkaradeniz/Documents/workspace/nutritionistModule/nutritionistapi/node_modules/ts-node/src/index.ts:1077:36)
    at Object.compile (/Users/abdussametkaradeniz/Documents/workspace/nutritionistModule/nutritionistapi/node_modules/ts-node/src/index.ts:1433:41)
    at Module.m._compile (/Users/abdussametkaradeniz/Documents/workspace/nutritionistModule/nutritionistapi/node_modules/ts-node/src/index.ts:1617:30)
    at Module._extensions..js (node:internal/modules/cjs/loader:1427:10)
    at Object.require.extensions.<computed> [as .ts] (/Users/abdussametkaradeniz/Documents/workspace/nutritionistModule/nutritionistapi/node_modules/ts-node/src/index.ts:1621:12)
    at Module.load (node:internal/modules/cjs/loader:1206:32)
    at Function.Module._load (node:internal/modules/cjs/loader:1022:12)
    at Module.require (node:internal/modules/cjs/loader:1231:19) {
  diagnosticCodes: [ 2554 ]
}
/Users/abdussametkaradeniz/Documents/workspace/nutritionistModule/nutritionistapi/node_modules/ts-node/src/index.ts:859
    return new TSError(diagnosticText, diagnosticCodes, diagnostics);
           ^
TSError: ⨯ Unable to compile TypeScript:
src/bussiness/role-process/roleManager.ts(13,24): error TS2554: Expected 2 arguments, but got 1.

    at createTSError (/Users/abdussametkaradeniz/Documents/workspace/nutritionistModule/nutritionistapi/node_modules/ts-node/src/index.ts:859:12)
    at reportTSError (/Users/abdussametkaradeniz/Documents/workspace/nutritionistModule/nutritionistapi/node_modules/ts-node/src/index.ts:863:19)
    at getOutput (/Users/abdussametkaradeniz/Documents/workspace/nutritionistModule/nutritionistapi/node_modules/ts-node/src/index.ts:1077:36)
    at Object.compile (/Users/abdussametkaradeniz/Documents/workspace/nutritionistModule/nutritionistapi/node_modules/ts-node/src/index.ts:1433:41)
    at Module.m._compile (/Users/abdussametkaradeniz/Documents/workspace/nutritionistModule/nutritionistapi/node_modules/ts-node/src/index.ts:1617:30)
    at Module._extensions..js (node:internal/modules/cjs/loader:1427:10)
    at Object.require.extensions.<computed> [as .ts] (/Users/abdussametkaradeniz/Documents/workspace/nutritionistModule/nutritionistapi/node_modules/ts-node/src/index.ts:1621:12)
    at Module.load (node:internal/modules/cjs/loader:1206:32)
    at Function.Module._load (node:internal/modules/cjs/loader:1022:12)
    at Module.require (node:internal/modules/cjs/loader:1231:19) {
  diagnosticCodes: [ 2554 ]
}
